# JRE version: OpenJDK Runtime Environment (21.0.8) (build 21.0.8+-14196175-b1038.72)
# Java VM: OpenJDK 64-Bit Server VM (21.0.8+-14196175-b1038.72, mixed mode, tiered, compressed oops, compressed class ptrs, g1 gc, windows-amd64)
GC Precious Log:
 CardTable entry size: 512
 Card Set container configuration: InlinePtr #cards 4 size 8 Array Of Cards #cards 32 size 80 Howl #buckets 8 coarsen threshold 7372 Howl Bitmap #cards 1024 size 144 coarsen threshold 921 Card regions per heap region 1 cards per card region 8192
 CPUs: 8 total, 8 available
 Memory: 7932M
 Large Page Support: Disabled
 NUMA Support: Disabled
 Compressed Oops: Enabled (Zero based)
 Heap Region Size: 4M
 Heap Min Capacity: 8M
 Heap Initial Capacity: 124M
 Heap Max Capacity: 8G
 Pre-touch: Disabled
 Parallel Workers: 8
 Concurrent Workers: 2
 Concurrent Refinement Workers: 8
 Periodic GC: Disabled
Heap:
 garbage-first heap   total 323584K, used 233528K [0x0000000600000000, 0x0000000800000000)
  region size 4096K, 12 young (49152K), 3 survivors (12288K)
 Metaspace       used 132391K, committed 134720K, reserved 1179648K
  class space    used 18678K, committed 19776K, reserved 1048576K
GC Heap History (20 events):
Event: 198.241 GC heap before
{Heap before GC invocations=60 (full 0):
 garbage-first heap   total 233472K, used 187269K [0x0000000600000000, 0x0000000800000000)
  region size 4096K, 15 young (61440K), 2 survivors (8192K)
 Metaspace       used 121393K, committed 123648K, reserved 1179648K
  class space    used 17247K, committed 18304K, reserved 1048576K
}
Event: 198.255 GC heap after
{Heap after GC invocations=61 (full 0):
 garbage-first heap   total 233472K, used 148003K [0x0000000600000000, 0x0000000800000000)
  region size 4096K, 2 young (8192K), 2 survivors (8192K)
 Metaspace       used 121393K, committed 123648K, reserved 1179648K
  class space    used 17247K, committed 18304K, reserved 1048576K
}
Event: 200.797 GC heap before
{Heap before GC invocations=61 (full 0):
 garbage-first heap   total 233472K, used 205347K [0x0000000600000000, 0x0000000800000000)
  region size 4096K, 16 young (65536K), 2 survivors (8192K)
 Metaspace       used 122506K, committed 124800K, reserved 1179648K
  class space    used 17396K, committed 18496K, reserved 1048576K
}
Event: 200.822 GC heap after
{Heap after GC invocations=62 (full 0):
 garbage-first heap   total 233472K, used 151889K [0x0000000600000000, 0x0000000800000000)
  region size 4096K, 2 young (8192K), 2 survivors (8192K)
 Metaspace       used 122506K, committed 124800K, reserved 1179648K
  class space    used 17396K, committed 18496K, reserved 1048576K
}
Event: 201.432 GC heap before
{Heap before GC invocations=62 (full 0):
 garbage-first heap   total 233472K, used 205137K [0x0000000600000000, 0x0000000800000000)
  region size 4096K, 15 young (61440K), 2 survivors (8192K)
 Metaspace       used 122507K, committed 124800K, reserved 1179648K
  class space    used 17396K, committed 18496K, reserved 1048576K
}
Event: 201.446 GC heap after
{Heap after GC invocations=63 (full 0):
 garbage-first heap   total 233472K, used 153840K [0x0000000600000000, 0x0000000800000000)
  region size 4096K, 1 young (4096K), 1 survivors (4096K)
 Metaspace       used 122507K, committed 124800K, reserved 1179648K
  class space    used 17396K, committed 18496K, reserved 1048576K
}
Event: 204.445 GC heap before
{Heap before GC invocations=64 (full 0):
 garbage-first heap   total 262144K, used 207088K [0x0000000600000000, 0x0000000800000000)
  region size 4096K, 15 young (61440K), 1 survivors (4096K)
 Metaspace       used 122709K, committed 124928K, reserved 1179648K
  class space    used 17417K, committed 18496K, reserved 1048576K
}
Event: 204.462 GC heap after
{Heap after GC invocations=65 (full 0):
 garbage-first heap   total 262144K, used 163106K [0x0000000600000000, 0x0000000800000000)
  region size 4096K, 2 young (8192K), 2 survivors (8192K)
 Metaspace       used 122709K, committed 124928K, reserved 1179648K
  class space    used 17417K, committed 18496K, reserved 1048576K
}
Event: 211.422 GC heap before
{Heap before GC invocations=65 (full 0):
 garbage-first heap   total 262144K, used 228642K [0x0000000600000000, 0x0000000800000000)
  region size 4096K, 19 young (77824K), 2 survivors (8192K)
 Metaspace       used 122827K, committed 125120K, reserved 1179648K
  class space    used 17433K, committed 18560K, reserved 1048576K
}
Event: 211.447 GC heap after
{Heap after GC invocations=66 (full 0):
 garbage-first heap   total 262144K, used 169597K [0x0000000600000000, 0x0000000800000000)
  region size 4096K, 3 young (12288K), 3 survivors (12288K)
 Metaspace       used 122827K, committed 125120K, reserved 1179648K
  class space    used 17433K, committed 18560K, reserved 1048576K
}
Event: 213.380 GC heap before
{Heap before GC invocations=66 (full 0):
 garbage-first heap   total 262144K, used 226941K [0x0000000600000000, 0x0000000800000000)
  region size 4096K, 17 young (69632K), 3 survivors (12288K)
 Metaspace       used 122972K, committed 125248K, reserved 1179648K
  class space    used 17449K, committed 18560K, reserved 1048576K
}
Event: 213.397 GC heap after
{Heap after GC invocations=67 (full 0):
 garbage-first heap   total 262144K, used 174896K [0x0000000600000000, 0x0000000800000000)
  region size 4096K, 2 young (8192K), 2 survivors (8192K)
 Metaspace       used 122972K, committed 125248K, reserved 1179648K
  class space    used 17449K, committed 18560K, reserved 1048576K
}
Event: 216.023 GC heap before
{Heap before GC invocations=68 (full 0):
 garbage-first heap   total 303104K, used 224048K [0x0000000600000000, 0x0000000800000000)
  region size 4096K, 15 young (61440K), 2 survivors (8192K)
 Metaspace       used 123100K, committed 125376K, reserved 1179648K
  class space    used 17463K, committed 18560K, reserved 1048576K
}
Event: 216.041 GC heap after
{Heap after GC invocations=69 (full 0):
 garbage-first heap   total 303104K, used 178302K [0x0000000600000000, 0x0000000800000000)
  region size 4096K, 2 young (8192K), 2 survivors (8192K)
 Metaspace       used 123100K, committed 125376K, reserved 1179648K
  class space    used 17463K, committed 18560K, reserved 1048576K
}
Event: 218.802 GC heap before
{Heap before GC invocations=69 (full 0):
 garbage-first heap   total 303104K, used 260222K [0x0000000600000000, 0x0000000800000000)
  region size 4096K, 23 young (94208K), 2 survivors (8192K)
 Metaspace       used 123232K, committed 125504K, reserved 1179648K
  class space    used 17469K, committed 18560K, reserved 1048576K
}
Event: 218.827 GC heap after
{Heap after GC invocations=70 (full 0):
 garbage-first heap   total 303104K, used 179112K [0x0000000600000000, 0x0000000800000000)
  region size 4096K, 3 young (12288K), 3 survivors (12288K)
 Metaspace       used 123232K, committed 125504K, reserved 1179648K
  class space    used 17469K, committed 18560K, reserved 1048576K
}
Event: 227.022 GC heap before
{Heap before GC invocations=70 (full 0):
 garbage-first heap   total 303104K, used 265128K [0x0000000600000000, 0x0000000800000000)
  region size 4096K, 24 young (98304K), 3 survivors (12288K)
 Metaspace       used 125944K, committed 128320K, reserved 1179648K
  class space    used 17839K, committed 19008K, reserved 1048576K
}
Event: 227.050 GC heap after
{Heap after GC invocations=71 (full 0):
 garbage-first heap   total 303104K, used 190598K [0x0000000600000000, 0x0000000800000000)
  region size 4096K, 3 young (12288K), 3 survivors (12288K)
 Metaspace       used 125944K, committed 128320K, reserved 1179648K
  class space    used 17839K, committed 19008K, reserved 1048576K
}
Event: 249.815 GC heap before
{Heap before GC invocations=72 (full 0):
 garbage-first heap   total 323584K, used 268422K [0x0000000600000000, 0x0000000800000000)
  region size 4096K, 22 young (90112K), 3 survivors (12288K)
 Metaspace       used 131327K, committed 133632K, reserved 1179648K
  class space    used 18552K, committed 19648K, reserved 1048576K
}
Event: 249.848 GC heap after
{Heap after GC invocations=73 (full 0):
 garbage-first heap   total 323584K, used 200760K [0x0000000600000000, 0x0000000800000000)
  region size 4096K, 3 young (12288K), 3 survivors (12288K)
 Metaspace       used 131327K, committed 133632K, reserved 1179648K
  class space    used 18552K, committed 19648K, reserved 1048576K
}

